Traceback (most recent call last):
  File "/opt/anaconda3/lib/python3.9/site-packages/jupyter_cache/executors/utils.py", line 51, in single_nb_execution
    executenb(
  File "/opt/anaconda3/lib/python3.9/site-packages/nbclient/client.py", line 1204, in execute
    return NotebookClient(nb=nb, resources=resources, km=km, **kwargs).execute()
  File "/opt/anaconda3/lib/python3.9/site-packages/nbclient/util.py", line 84, in wrapped
    return just_run(coro(*args, **kwargs))
  File "/opt/anaconda3/lib/python3.9/site-packages/nbclient/util.py", line 62, in just_run
    return loop.run_until_complete(coro)
  File "/opt/anaconda3/lib/python3.9/asyncio/base_events.py", line 647, in run_until_complete
    return future.result()
  File "/opt/anaconda3/lib/python3.9/site-packages/nbclient/client.py", line 663, in async_execute
    await self.async_execute_cell(
  File "/opt/anaconda3/lib/python3.9/site-packages/nbclient/client.py", line 965, in async_execute_cell
    await self._check_raise_for_error(cell, cell_index, exec_reply)
  File "/opt/anaconda3/lib/python3.9/site-packages/nbclient/client.py", line 862, in _check_raise_for_error
    raise CellExecutionError.from_cell_and_msg(cell, exec_reply_content)
nbclient.exceptions.CellExecutionError: An error occurred while executing the following cell:
------------------
from astropy.modeling.blackbody import blackbody_lambda #just importing a blackbody function from astropy library

wavelengths = np.linspace(3000,10000,1000) # must be passed to the function below in units of angstroms
bb_intensity = blackbody_lambda(wavelengths,temperature = 6000)/blackbody_lambda(5600,temperature=6000)
bb_intensity_1 = blackbody_lambda(wavelengths,temperature = 5000)/blackbody_lambda(5000,temperature=5000)
# returns in units of ergs/s/cm^2/Angstrom/steradian but we are normalizing it so we dont have to worry about units
noise = np.random.normal(0,0.025,1000)
star_spectra = bb_intensity_1 + noise



fig, ((ax1, ax2),(ax3,ax4)) = plt.subplots(2,2,figsize=(12,8))  # 2 Rows, 2 Columns
#top left graph
ax1.plot(wavelengths, bb_intensity,'b-')
ax1.set_title('Idealized Blackbody Spectrum')
ax1.set_xlabel('Wavelength [Angstroms]')
ax1.set_ylabel('Normalized Intensity')
#top right graph
ax2.plot(wavelengths, star_spectra,'r-')
ax2.set_title('Observed Stellar Spectrum')
ax2.set_xlabel('Wavelength [Angstroms]')
ax2.set_ylabel('Normalized Intensity')
#bottom left graph
ax3.plot(wavelengths, star_spectra,'r-', label='Observed')
ax3.plot(wavelengths, bb_intensity,'b-', label='Blackbody')
ax3.set_title('Stellar Spectrum Compared to Expected')
ax3.set_xlabel('Wavelength [Angstroms]')
ax3.set_ylabel('Normalized Intensity')
ax3.legend()
#bottom right graph
ax4.plot(wavelengths, star_spectra - bb_intensity, color='purple') #when we use 'r-' that is short for color = 'red'
ax4.set_title('Subtraction')                                       #and marker = '-', the shortcuts dont have every option
ax4.set_xlabel('Wavelength [Angstroms]')
ax4.set_ylabel('Normalized Intensity')
fig.tight_layout()
plt.show()
------------------

[0;31m---------------------------------------------------------------------------[0m
[0;31mModuleNotFoundError[0m                       Traceback (most recent call last)
Input [0;32mIn [15][0m, in [0;36m<cell line: 1>[0;34m()[0m
[0;32m----> 1[0m [38;5;28;01mfrom[39;00m [38;5;21;01mastropy[39;00m[38;5;21;01m.[39;00m[38;5;21;01mmodeling[39;00m[38;5;21;01m.[39;00m[38;5;21;01mblackbody[39;00m [38;5;28;01mimport[39;00m blackbody_lambda [38;5;66;03m#just importing a blackbody function from astropy library[39;00m
[1;32m      3[0m wavelengths [38;5;241m=[39m np[38;5;241m.[39mlinspace([38;5;241m3000[39m,[38;5;241m10000[39m,[38;5;241m1000[39m) [38;5;66;03m# must be passed to the function below in units of angstroms[39;00m
[1;32m      4[0m bb_intensity [38;5;241m=[39m blackbody_lambda(wavelengths,temperature [38;5;241m=[39m [38;5;241m6000[39m)[38;5;241m/[39mblackbody_lambda([38;5;241m5600[39m,temperature[38;5;241m=[39m[38;5;241m6000[39m)

[0;31mModuleNotFoundError[0m: No module named 'astropy.modeling.blackbody'
ModuleNotFoundError: No module named 'astropy.modeling.blackbody'

